[2025-08-19 11:18:42] This is codeql execute queries -J-Xmx1800M --off-heap-ram=1379 --verbosity=progress --logdir=D:\Users\gsonia\Desktop\panel_query_backend\db-javascript\log --evaluator-log-level=5 --warnings=show --qlconfig-file=D:\Users\gsonia\Desktop\panel_query_backend\qlconfig.yml --dynamic-join-order-mode=none --no-rerun --output=D:\Users\gsonia\Desktop\panel_query_backend\db-javascript\results -- D:\Users\gsonia\Desktop\panel_query_backend\db-javascript\db-javascript codeql/javascript-queries:codeql-suites/javascript-security-and-quality.qls
[2025-08-19 11:18:42] Calling plumbing command: codeql resolve queries --qlconfig-file=D:\Users\gsonia\Desktop\panel_query_backend\qlconfig.yml --format=json -- codeql/javascript-queries:codeql-suites/javascript-security-and-quality.qls
[2025-08-19 11:18:43] Exception caught at top level: Query pack codeql/javascript-queries:codeql-suites/javascript-security-and-quality.qls cannot be found. Check the spelling of the pack.
                      com.semmle.cli2.resolve.ResolveQueriesCommand.resolveQuerySpecifier(ResolveQueriesCommand.java:298)
                      com.semmle.cli2.resolve.ResolveQueriesCommand.executeJSON(ResolveQueriesCommand.java:211)
                      com.semmle.cli2.resolve.ResolveQueriesCommand.executeJSON(ResolveQueriesCommand.java:68)
                      com.semmle.cli2.picocli.SimpleJsonSubcommand.executeInsistingOnJSONWithExistingMessages(SimpleJsonSubcommand.java:121)
                      com.semmle.cli2.picocli.SubcommandCommon.withCompilationMessages(SubcommandCommon.java:444)
                      com.semmle.cli2.picocli.SimpleJsonSubcommand.executeInsistingOnJSON(SimpleJsonSubcommand.java:110)
                      com.semmle.cli2.picocli.PlumbingRunner.call(PlumbingRunner.java:61)
                      com.semmle.cli2.picocli.SubcommandCommon.callPlumbingInProcess(SubcommandCommon.java:170)
                      com.semmle.cli2.execute.ExecuteQueriesCommand.executeSubcommand(ExecuteQueriesCommand.java:424)
                      com.semmle.cli2.picocli.SubcommandCommon.lambda$executeSubcommandWithMessages$5(SubcommandCommon.java:892)
                      com.semmle.cli2.picocli.SubcommandCommon.withCompilationMessages(SubcommandCommon.java:444)
                      com.semmle.cli2.picocli.SubcommandCommon.executeSubcommandWithMessages(SubcommandCommon.java:890)
                      com.semmle.cli2.picocli.SubcommandCommon.toplevelMain(SubcommandCommon.java:777)
                      com.semmle.cli2.picocli.SubcommandCommon.call(SubcommandCommon.java:757)
                      com.semmle.cli2.picocli.SubcommandMaker.runMain(SubcommandMaker.java:238)
                      com.semmle.cli2.picocli.SubcommandMaker.runMain(SubcommandMaker.java:259)
                      com.semmle.cli2.CodeQL.main(CodeQL.java:113)
