[2025-08-19 11:08:26] This is codeql database analyze db-python codeql/python-queries:codeql-suites/python-security-and-quality.qls --format=csv --output=results.csv
[2025-08-19 11:08:26] Log file was started late.
[2025-08-19 11:08:26] [PROGRESS] database analyze> Running queries.
[2025-08-19 11:08:26] Running plumbing command: codeql database run-queries --evaluator-log-level=5 --warnings=show --qlconfig-file=D:\Users\gsonia\Desktop\panel_query_backend\qlconfig.yml --dynamic-join-order-mode=none --no-rerun -- D:\Users\gsonia\Desktop\panel_query_backend\db-python codeql/python-queries:codeql-suites/python-security-and-quality.qls
[2025-08-19 11:08:26] Exception caught at top level: Database at D:\Users\gsonia\Desktop\panel_query_backend\db-python needs to be finalized before running queries; please run codeql database finalize
                      com.semmle.cli2.database.RunQueriesCommand.executeSubcommand(RunQueriesCommand.java:233)
                      com.semmle.cli2.picocli.SubcommandCommon.lambda$executeSubcommandWithMessages$5(SubcommandCommon.java:892)
                      com.semmle.cli2.picocli.SubcommandCommon.withCompilationMessages(SubcommandCommon.java:444)
                      com.semmle.cli2.picocli.SubcommandCommon.executeSubcommandWithMessages(SubcommandCommon.java:890)
                      com.semmle.cli2.picocli.PlumbingRunner.run(PlumbingRunner.java:119)
                      com.semmle.cli2.picocli.SubcommandCommon.runPlumbingInProcess(SubcommandCommon.java:201)
                      com.semmle.cli2.database.AnalyzeCommand.executeSubcommand(AnalyzeCommand.java:169)
                      com.semmle.cli2.picocli.SubcommandCommon.lambda$executeSubcommandWithMessages$5(SubcommandCommon.java:892)
                      com.semmle.cli2.picocli.SubcommandCommon.withCompilationMessages(SubcommandCommon.java:444)
                      com.semmle.cli2.picocli.SubcommandCommon.executeSubcommandWithMessages(SubcommandCommon.java:890)
                      com.semmle.cli2.picocli.SubcommandCommon.toplevelMain(SubcommandCommon.java:777)
                      com.semmle.cli2.picocli.SubcommandCommon.call(SubcommandCommon.java:757)
                      com.semmle.cli2.picocli.SubcommandMaker.runMain(SubcommandMaker.java:238)
                      com.semmle.cli2.picocli.SubcommandMaker.runMain(SubcommandMaker.java:259)
                      com.semmle.cli2.CodeQL.main(CodeQL.java:113)
